\BOOKMARK [0][-]{section*.1}{ABSTRACT}{}% 1
\BOOKMARK [0][-]{section*.2}{DEDICATION}{}% 2
\BOOKMARK [0][-]{section*.3}{NOMENCLATURE}{}% 3
\BOOKMARK [0][-]{section*.5}{TABLE\040OF\040CONTENTS}{}% 4
\BOOKMARK [0][-]{section*.6}{LIST\040OF\040FIGURES}{}% 5
\BOOKMARK [0][-]{section*.7}{LIST\040OF\040TABLES}{}% 6
\BOOKMARK [0][-]{chapter.1}{INTRODUCTION}{}% 7
\BOOKMARK [0][-]{chapter.2}{RELATED\040WORK}{}% 8
\BOOKMARK [0][-]{chapter.3}{PROBLEM\040FORMULATION}{}% 9
\BOOKMARK [0][-]{chapter.4}{ESTIMATION\040SCHEMES}{}% 10
\BOOKMARK [1][-]{section.4.1}{Section\040Test\040Unknown\040Part}{chapter.4}% 11
\BOOKMARK [1][-]{section.4.2}{Section\040Test\040Unknown\040Part\0401}{chapter.4}% 12
\BOOKMARK [1][-]{section.4.3}{Section\040Test\040Unknown\040Part\0402}{chapter.4}% 13
\BOOKMARK [1][-]{section.4.4}{Section\040Test\040Unknown\040Part\0403}{chapter.4}% 14
\BOOKMARK [1][-]{section.4.5}{Section\040Test\040Unknown\040Part\0405}{chapter.4}% 15
\BOOKMARK [1][-]{section.4.6}{Section\040Test\040Unknown\040Part\0406}{chapter.4}% 16
\BOOKMARK [0][-]{chapter.5}{NUMERICAL\040SIMULATION}{}% 17
\BOOKMARK [0][-]{chapter.6}{EXPERIMENT\040IMPLEMENTATION}{}% 18
\BOOKMARK [0][-]{chapter.7}{CONCLUSION}{}% 19
\BOOKMARK [0][-]{section*.8}{REFERENCES}{}% 20
\BOOKMARK [0][-]{APPENDIX.1.A}{APPENDIX\040MISCELLANEOUS\040}{}% 21
\BOOKMARK [1][-]{section.1.A.1}{Figures/Tables\040in\040Appendix}{APPENDIX.1.A}% 22
\BOOKMARK [2][-]{subsection.1.A.1.1}{TEST1}{section.1.A.1}% 23
\BOOKMARK [2][-]{subsection.1.A.1.2}{TEST2}{section.1.A.1}% 24
\BOOKMARK [1][-]{section.1.A.2}{Random\040Pictures\040and\040Test}{APPENDIX.1.A}% 25
\BOOKMARK [1][-]{section.1.A.3}{Misc\040Test}{APPENDIX.1.A}% 26
\BOOKMARK [0][-]{APPENDIX.1.B}{APPENDIX\040SOURCE\040CODE}{}% 27
\BOOKMARK [1][-]{section.1.B.1}{Misc\040Test\0402}{APPENDIX.1.B}% 28
\BOOKMARK [1][-]{section.1.B.2}{Misc\040Test\0403}{APPENDIX.1.B}% 29
\BOOKMARK [1][-]{section.1.B.3}{Resource\040Usage}{APPENDIX.1.B}% 30
