This is pdfTeX, Version 3.1415926-2.5-1.40.14 (MiKTeX 2.9 64-bit) (preloaded format=pdflatex 2015.3.11)  11 MAR 2015 15:11
entering extended mode
**tamuthesis.tex
(C:\Users\ThinkPad\Documents\GitHub\MS\ThesisMS\Thesis\tamuthesis.tex
LaTeX2e <2011/06/27>
Babel <v3.8m> and hyphenation patterns for english, afrikaans, ancientgreek, ar
abic, armenian, assamese, basque, bengali, bokmal, bulgarian, catalan, coptic, 
croatian, czech, danish, dutch, esperanto, estonian, farsi, finnish, french, ga
lician, german, german-x-2013-05-26, greek, gujarati, hindi, hungarian, iceland
ic, indonesian, interlingua, irish, italian, kannada, kurmanji, latin, latvian,
 lithuanian, malayalam, marathi, mongolian, mongolianlmc, monogreek, ngerman, n
german-x-2013-05-26, nynorsk, oriya, panjabi, pinyin, polish, portuguese, roman
ian, russian, sanskrit, serbian, slovak, slovenian, spanish, swedish, swissgerm
an, tamil, telugu, turkish, turkmen, ukenglish, ukrainian, uppersorbian, usengl
ishmax, welsh, loaded.
("d:\Program Files\MiKTeX 2.9\tex\latex\base\report.cls"
Document Class: report 2007/10/19 v1.4h Standard LaTeX document class
("d:\Program Files\MiKTeX 2.9\tex\latex\base\size12.clo"
File: size12.clo 2007/10/19 v1.4h Standard LaTeX file (size option)
)
\c@part=\count79
\c@chapter=\count80
\c@section=\count81
\c@subsection=\count82
\c@subsubsection=\count83
\c@paragraph=\count84
\c@subparagraph=\count85
\c@figure=\count86
\c@table=\count87
\abovecaptionskip=\skip41
\belowcaptionskip=\skip42
\bibindent=\dimen102
)
("d:\Program Files\MiKTeX 2.9\tex\latex\geometry\geometry.sty"
Package: geometry 2010/09/12 v5.6 Page Geometry

("d:\Program Files\MiKTeX 2.9\tex\latex\graphics\keyval.sty"
Package: keyval 1999/03/16 v1.13 key=value parser (DPC)
\KV@toks@=\toks14
)
("d:\Program Files\MiKTeX 2.9\tex\generic\oberdiek\ifpdf.sty"
Package: ifpdf 2011/01/30 v2.3 Provides the ifpdf switch (HO)
Package ifpdf Info: pdfTeX in PDF mode is detected.
)
("d:\Program Files\MiKTeX 2.9\tex\generic\oberdiek\ifvtex.sty"
Package: ifvtex 2010/03/01 v1.5 Detect VTeX and its facilities (HO)
Package ifvtex Info: VTeX not detected.
)
("d:\Program Files\MiKTeX 2.9\tex\generic\ifxetex\ifxetex.sty"
Package: ifxetex 2010/09/12 v0.6 Provides ifxetex conditional
)
\Gm@cnth=\count88
\Gm@cntv=\count89
\c@Gm@tempcnt=\count90
\Gm@bindingoffset=\dimen103
\Gm@wd@mp=\dimen104
\Gm@odd@mp=\dimen105
\Gm@even@mp=\dimen106
\Gm@layoutwidth=\dimen107
\Gm@layoutheight=\dimen108
\Gm@layouthoffset=\dimen109
\Gm@layoutvoffset=\dimen110
\Gm@dimlist=\toks15

("d:\Program Files\MiKTeX 2.9\tex\latex\geometry\geometry.cfg"))
("d:\Program Files\MiKTeX 2.9\tex\latex\setspace\setspace.sty"
Package: setspace 2011/12/19 v6.7a set line spacing
)
("d:\Program Files\MiKTeX 2.9\tex\latex\tocloft\tocloft.sty"
Package: tocloft 2013/05/02 v2.3f parameterised ToC, etc., typesetting
Package tocloft Info: The document has chapter divisions on input line 44.
\cftparskip=\skip43
\cftbeforetoctitleskip=\skip44
\cftaftertoctitleskip=\skip45
\cftbeforepartskip=\skip46
\cftpartnumwidth=\skip47
\cftpartindent=\skip48
\cftbeforechapskip=\skip49
\cftchapindent=\skip50
\cftchapnumwidth=\skip51
\cftbeforesecskip=\skip52
\cftsecindent=\skip53
\cftsecnumwidth=\skip54
\cftbeforesubsecskip=\skip55
\cftsubsecindent=\skip56
\cftsubsecnumwidth=\skip57
\cftbeforesubsubsecskip=\skip58
\cftsubsubsecindent=\skip59
\cftsubsubsecnumwidth=\skip60
\cftbeforeparaskip=\skip61
\cftparaindent=\skip62
\cftparanumwidth=\skip63
\cftbeforesubparaskip=\skip64
\cftsubparaindent=\skip65
\cftsubparanumwidth=\skip66
\cftbeforeloftitleskip=\skip67
\cftafterloftitleskip=\skip68
\cftbeforefigskip=\skip69
\cftfigindent=\skip70
\cftfignumwidth=\skip71
\c@lofdepth=\count91
\c@lotdepth=\count92
\cftbeforelottitleskip=\skip72
\cftafterlottitleskip=\skip73
\cftbeforetabskip=\skip74
\cfttabindent=\skip75
\cfttabnumwidth=\skip76
)
("d:\Program Files\MiKTeX 2.9\tex\latex\titlesec\titlesec.sty"
Package: titlesec 2011/12/15 v2.10.0 Sectioning titles
\ttl@box=\box26
\beforetitleunit=\skip77
\aftertitleunit=\skip78
\ttl@plus=\dimen111
\ttl@minus=\dimen112
\ttl@toksa=\toks16
\titlewidth=\dimen113
\titlewidthlast=\dimen114
\titlewidthfirst=\dimen115
)
("d:\Program Files\MiKTeX 2.9\tex\latex\tools\indentfirst.sty"
Package: indentfirst 1995/11/23 v1.03 Indent first paragraph (DPC)
)
("d:\Program Files\MiKTeX 2.9\tex\latex\etoolbox\etoolbox.sty"
Package: etoolbox 2011/01/03 v2.1 e-TeX tools for LaTeX

("d:\Program Files\MiKTeX 2.9\tex\latex\misc\etex.sty"
Package: etex 1998/03/26 v2.0 eTeX basic definition package (PEB)
\et@xins=\count93
)
\etb@tempcnta=\count94
)
("d:\Program Files\MiKTeX 2.9\tex\latex\tocvsec2\tocvsec2.sty"
Package: tocvsec2 2011/08/07 v1.3 variable ToC section entries

("d:\Program Files\MiKTeX 2.9\tex\latex\base\ifthen.sty"
Package: ifthen 2001/05/26 v1.1c Standard LaTeX ifthen package (DPC)
)
\c@max@tocdepth=\count95
\c@max@secnumdepth=\count96
)
("d:\Program Files\MiKTeX 2.9\tex\latex\appendix\appendix.sty"
Package: appendix 2009/09/02 v1.2b extra appendix facilities
\c@@pps=\count97
\c@@ppsavesec=\count98
\c@@ppsaveapp=\count99
)
(C:\Users\ThinkPad\Documents\GitHub\MS\ThesisMS\Thesis\tamuconfig.sty
Package: tamuconfig 
)
("d:\Program Files\MiKTeX 2.9\tex\latex\rotating\rotating.sty"
Package: rotating 2009/03/28 v2.16a rotated objects in LaTeX

("d:\Program Files\MiKTeX 2.9\tex\latex\graphics\graphicx.sty"
Package: graphicx 1999/02/16 v1.0f Enhanced LaTeX Graphics (DPC,SPQR)

("d:\Program Files\MiKTeX 2.9\tex\latex\graphics\graphics.sty"
Package: graphics 2009/02/05 v1.0o Standard LaTeX Graphics (DPC,SPQR)

("d:\Program Files\MiKTeX 2.9\tex\latex\graphics\trig.sty"
Package: trig 1999/03/16 v1.09 sin cos tan (DPC)
)
("d:\Program Files\MiKTeX 2.9\tex\latex\00miktex\graphics.cfg"
File: graphics.cfg 2007/01/18 v1.5 graphics configuration of teTeX/TeXLive
)
Package graphics Info: Driver file: pdftex.def on input line 91.

("d:\Program Files\MiKTeX 2.9\tex\latex\pdftex-def\pdftex.def"
File: pdftex.def 2011/05/27 v0.06d Graphics/color for pdfTeX

("d:\Program Files\MiKTeX 2.9\tex\generic\oberdiek\infwarerr.sty"
Package: infwarerr 2010/04/08 v1.3 Providing info/warning/error messages (HO)
)
("d:\Program Files\MiKTeX 2.9\tex\generic\oberdiek\ltxcmds.sty"
Package: ltxcmds 2011/11/09 v1.22 LaTeX kernel commands for general use (HO)
)
\Gread@gobject=\count100
))
\Gin@req@height=\dimen116
\Gin@req@width=\dimen117
)
\c@r@tfl@t=\count101
\rotFPtop=\skip79
\rotFPbot=\skip80
\rot@float@box=\box27
\rot@mess@toks=\toks17
)
(C:\Users\ThinkPad\Documents\GitHub\MS\ThesisMS\Thesis\tamuthesis.aux
(C:\Users\ThinkPad\Documents\GitHub\MS\ThesisMS\Thesis\titlepage.aux)
(C:\Users\ThinkPad\Documents\GitHub\MS\ThesisMS\Thesis\abstract.aux)
(C:\Users\ThinkPad\Documents\GitHub\MS\ThesisMS\Thesis\dedication.aux)
(C:\Users\ThinkPad\Documents\GitHub\MS\ThesisMS\Thesis\acknowledgements.aux)
(C:\Users\ThinkPad\Documents\GitHub\MS\ThesisMS\Thesis\nomenclature.aux)
(C:\Users\ThinkPad\Documents\GitHub\MS\ThesisMS\Thesis\lists.aux)
(C:\Users\ThinkPad\Documents\GitHub\MS\ThesisMS\Thesis\section1.aux)
(C:\Users\ThinkPad\Documents\GitHub\MS\ThesisMS\Thesis\section2.aux)
(C:\Users\ThinkPad\Documents\GitHub\MS\ThesisMS\Thesis\section3.aux))
LaTeX Font Info:    Checking defaults for OML/cmm/m/it on input line 53.
LaTeX Font Info:    ... okay on input line 53.
LaTeX Font Info:    Checking defaults for T1/cmr/m/n on input line 53.
LaTeX Font Info:    ... okay on input line 53.
LaTeX Font Info:    Checking defaults for OT1/cmr/m/n on input line 53.
LaTeX Font Info:    ... okay on input line 53.
LaTeX Font Info:    Checking defaults for OMS/cmsy/m/n on input line 53.
LaTeX Font Info:    ... okay on input line 53.
LaTeX Font Info:    Checking defaults for OMX/cmex/m/n on input line 53.
LaTeX Font Info:    ... okay on input line 53.
LaTeX Font Info:    Checking defaults for U/cmr/m/n on input line 53.
LaTeX Font Info:    ... okay on input line 53.

*geometry* driver: auto-detecting
*geometry* detected driver: pdftex
*geometry* verbose mode - [ preamble ] result:
* driver: pdftex
* paper: letterpaper
* layout: <same size as paper>
* layoutoffset:(h,v)=(0.0pt,0.0pt)
* modes: 
* h-part:(L,W,R)=(101.17755pt, 430.0074pt, 83.11005pt)
* v-part:(T,H,B)=(90.3375pt, 614.295pt, 90.3375pt)
* \paperwidth=614.295pt
* \paperheight=794.96999pt
* \textwidth=430.0074pt
* \textheight=614.295pt
* \oddsidemargin=28.90756pt
* \evensidemargin=28.90756pt
* \topmargin=-18.9325pt
* \headheight=12.0pt
* \headsep=25.0pt
* \topskip=12.0pt
* \footskip=30.0pt
* \marginparwidth=44.0pt
* \marginparsep=10.0pt
* \columnsep=10.0pt
* \skip\footins=10.8pt plus 4.0pt minus 2.0pt
* \hoffset=0.0pt
* \voffset=0.0pt
* \mag=1000
* \@twocolumnfalse
* \@twosidefalse
* \@mparswitchfalse
* \@reversemarginfalse
* (1in=72.27pt=25.4mm, 1cm=28.453pt)

("d:\Program Files\MiKTeX 2.9\tex\context\base\supp-pdf.mkii"
[Loading MPS to PDF converter (version 2006.09.02).]
\scratchcounter=\count102
\scratchdimen=\dimen118
\scratchbox=\box28
\nofMPsegments=\count103
\nofMParguments=\count104
\everyMPshowfont=\toks18
\MPscratchCnt=\count105
\MPscratchDim=\dimen119
\MPnumerator=\count106
\makeMPintoPDFobject=\count107
\everyMPtoPDFconversion=\toks19
) (C:\Users\ThinkPad\Documents\GitHub\MS\ThesisMS\Thesis\titlepage.tex
LaTeX Font Info:    External font `cmex10' loaded for size
(Font)              <12> on input line 47.
LaTeX Font Info:    External font `cmex10' loaded for size
(Font)              <8> on input line 47.
LaTeX Font Info:    External font `cmex10' loaded for size
(Font)              <6> on input line 47.
 [1


{C:/ProgramData/MiKTeX/2.9/pdftex/config/pdftex.map}])
(C:\Users\ThinkPad\Documents\GitHub\MS\ThesisMS\Thesis\abstract.tex [2



])
(C:\Users\ThinkPad\Documents\GitHub\MS\ThesisMS\Thesis\dedication.tex [3



])
(C:\Users\ThinkPad\Documents\GitHub\MS\ThesisMS\Thesis\acknowledgements.tex
[4



]) (C:\Users\ThinkPad\Documents\GitHub\MS\ThesisMS\Thesis\nomenclature.tex
[5



]) (C:\Users\ThinkPad\Documents\GitHub\MS\ThesisMS\Thesis\lists.tex
(C:\Users\ThinkPad\Documents\GitHub\MS\ThesisMS\Thesis\tamuthesis.toc [6


])
\tf@toc=\write3

[7] (C:\Users\ThinkPad\Documents\GitHub\MS\ThesisMS\Thesis\tamuthesis.lof)
\tf@lof=\write4

[8] (C:\Users\ThinkPad\Documents\GitHub\MS\ThesisMS\Thesis\tamuthesis.lot)
\tf@lot=\write5

[9]) (C:\Users\ThinkPad\Documents\GitHub\MS\ThesisMS\Thesis\section1.tex
Chapter 1.
<Figures/TAM-Logo.png, id=31, 501.875pt x 351.3125pt>
File: Figures/TAM-Logo.png Graphic file (type png)

<use Figures/TAM-Logo.png>
Package pdftex.def Info: Figures/TAM-Logo.png used on input line 34.
(pdftex.def)             Requested size: 250.93687pt x 175.6558pt.
 [1



]) [2] [3 <C:/Users/ThinkPad/Documents/GitHub/MS/ThesisMS/Thesis/Figures/TAM-Lo
go.png>]
(C:\Users\ThinkPad\Documents\GitHub\MS\ThesisMS\Thesis\section2.tex
Chapter 2.
File: Figures/TAM-Logo.png Graphic file (type png)
<use Figures/TAM-Logo.png>
Package pdftex.def Info: Figures/TAM-Logo.png used on input line 25.
(pdftex.def)             Requested size: 250.93687pt x 175.6558pt.

<Figures/TAMLogoBox.png, id=44, 397.485pt x 351.3125pt>
File: Figures/TAMLogoBox.png Graphic file (type png)

<use Figures/TAMLogoBox.png>
Package pdftex.def Info: Figures/TAMLogoBox.png used on input line 54.
(pdftex.def)             Requested size: 198.742pt x 175.6558pt.
) [4



] [5 <C:/Users/ThinkPad/Documents/GitHub/MS/ThesisMS/Thesis/Figures/TAMLogoBox.
png>] [6]
(C:\Users\ThinkPad\Documents\GitHub\MS\ThesisMS\Thesis\section3.tex
Chapter 3.
File: Figures/TAM-Logo.png Graphic file (type png)
<use Figures/TAM-Logo.png>
Package pdftex.def Info: Figures/TAM-Logo.png used on input line 27.
(pdftex.def)             Requested size: 250.93687pt x 175.6558pt.
) [7



] [8]
(C:\Users\ThinkPad\Documents\GitHub\MS\ThesisMS\Thesis\tamuthesis.bbl [9

])
(C:\Users\ThinkPad\Documents\GitHub\MS\ThesisMS\Thesis\appendix1.tex [10

]
APPENDIX A.
File: Figures/TAM-Logo.png Graphic file (type png)
<use Figures/TAM-Logo.png>
Package pdftex.def Info: Figures/TAM-Logo.png used on input line 25.
(pdftex.def)             Requested size: 250.93687pt x 175.6558pt.
)
(C:\Users\ThinkPad\Documents\GitHub\MS\ThesisMS\Thesis\appendix2.tex [11

]
[12]
APPENDIX B.
File: Figures/TAM-Logo.png Graphic file (type png)
<use Figures/TAM-Logo.png>
Package pdftex.def Info: Figures/TAM-Logo.png used on input line 23.
(pdftex.def)             Requested size: 250.93687pt x 175.6558pt.
 [13

]) [14]
(C:\Users\ThinkPad\Documents\GitHub\MS\ThesisMS\Thesis\tamuthesis.aux
(C:\Users\ThinkPad\Documents\GitHub\MS\ThesisMS\Thesis\titlepage.aux)
(C:\Users\ThinkPad\Documents\GitHub\MS\ThesisMS\Thesis\abstract.aux)
(C:\Users\ThinkPad\Documents\GitHub\MS\ThesisMS\Thesis\dedication.aux)
(C:\Users\ThinkPad\Documents\GitHub\MS\ThesisMS\Thesis\acknowledgements.aux)
(C:\Users\ThinkPad\Documents\GitHub\MS\ThesisMS\Thesis\nomenclature.aux)
(C:\Users\ThinkPad\Documents\GitHub\MS\ThesisMS\Thesis\lists.aux)
(C:\Users\ThinkPad\Documents\GitHub\MS\ThesisMS\Thesis\section1.aux)
(C:\Users\ThinkPad\Documents\GitHub\MS\ThesisMS\Thesis\section2.aux)
(C:\Users\ThinkPad\Documents\GitHub\MS\ThesisMS\Thesis\section3.aux)) ) 
Here is how much of TeX's memory you used:
 2949 strings out of 493921
 43826 string characters out of 3147273
 110633 words of memory out of 3000000
 6146 multiletter control sequences out of 15000+200000
 7329 words of font info for 26 fonts, out of 3000000 for 9000
 841 hyphenation exceptions out of 8191
 34i,10n,33p,1003b,290s stack positions out of 5000i,500n,10000p,200000b,50000s
<d:/Prog
ram Files/MiKTeX 2.9/fonts/type1/public/amsfonts/cm/cmr12.pfb><d:/Program Files
/MiKTeX 2.9/fonts/type1/public/amsfonts/cm/cmti12.pfb>
Output written on tamuthesis.pdf (23 pages, 74040 bytes).
PDF statistics:
 89 PDF objects out of 1000 (max. 8388607)
 0 named destinations out of 1000 (max. 500000)
 11 words of extra memory for PDF output out of 10000 (max. 10000000)

