\BOOKMARK [0][-]{section*.1}{ABSTRACT}{}% 1
\BOOKMARK [0][-]{section*.2}{DEDICATION}{}% 2
\BOOKMARK [0][-]{section*.3}{ACKNOWLEDGMENTS}{}% 3
\BOOKMARK [0][-]{section*.4}{NOMENCLATURE}{}% 4
\BOOKMARK [0][-]{section*.6}{TABLE\040OF\040CONTENTS}{}% 5
\BOOKMARK [0][-]{section*.7}{LIST\040OF\040FIGURES}{}% 6
\BOOKMARK [0][-]{section*.8}{LIST\040OF\040TABLES}{}% 7
\BOOKMARK [0][-]{chapter.1}{INTRODUCTION}{}% 8
\BOOKMARK [0][-]{chapter.2}{SYSTEM\040MODEL\040AND\040PROBLEM\040FORMULATION}{}% 9
\BOOKMARK [1][-]{section.2.1}{Wireless\040Channel\040Model}{chapter.2}% 10
\BOOKMARK [1][-]{section.2.2}{Problem\040Formulation}{chapter.2}% 11
\BOOKMARK [0][-]{chapter.3}{ESTIMATION\040SCHEMES}{}% 12
\BOOKMARK [1][-]{section.3.1}{Bayes\040Estimation}{chapter.3}% 13
\BOOKMARK [1][-]{section.3.2}{Maximum\040likelihood\040estimation}{chapter.3}% 14
\BOOKMARK [0][-]{chapter.4}{NUMERICAL\040SIMULATION\040SETUP\040AND\040RESULTS}{}% 15
\BOOKMARK [1][-]{section.4.1}{Antenna\040Characteristic}{chapter.4}% 16
\BOOKMARK [1][-]{section.4.2}{Channel\040Characteristic}{chapter.4}% 17
\BOOKMARK [1][-]{section.4.3}{Generating\040Data\040Set}{chapter.4}% 18
\BOOKMARK [1][-]{section.4.4}{Performance\040Analysis}{chapter.4}% 19
\BOOKMARK [2][-]{subsection.4.4.1}{Bayes\040Estimation}{section.4.4}% 20
\BOOKMARK [0][-]{chapter.5}{EXPERIMENT\040IMPLEMENTATION}{}% 21
\BOOKMARK [0][-]{chapter.6}{CONCLUSION}{}% 22
\BOOKMARK [0][-]{section*.13}{REFERENCES}{}% 23
